
Showing logs for build [32mcb-kubecd-environment-pr-1093-1-68pgc-1[0m stage [32mfrom-build-pack[0m and container [32mstep-credential-initializer-svvnx[0m
{"level":"warn","ts":1577370442.9237652,"logger":"fallback-logger","caller":"logging/config.go:69","msg":"Fetch GitHub commit ID from kodata failed: \"ref: refs/heads/master\" is not a valid GitHub commit ID"}
{"level":"info","ts":1577370442.9242802,"logger":"fallback-logger","caller":"creds-init/main.go:40","msg":"Credentials initialized."}

Showing logs for build [32mcb-kubecd-environment-pr-1093-1-68pgc-1[0m stage [32mfrom-build-pack[0m and container [32mstep-working-dir-initializer-bsd4x[0m
{"level":"warn","ts":1577370443.8641043,"logger":"fallback-logger","caller":"logging/config.go:69","msg":"Fetch GitHub commit ID from kodata failed: open /var/run/ko/HEAD: no such file or directory"}
{"level":"info","ts":1577370443.8705518,"logger":"fallback-logger","caller":"bash/main.go:65","msg":"Successfully executed command \"mkdir -p /workspace/source\""}

Showing logs for build [32mcb-kubecd-environment-pr-1093-1-68pgc-1[0m stage [32mfrom-build-pack[0m and container [32mstep-place-tools[0m

Showing logs for build [32mcb-kubecd-environment-pr-1093-1-68pgc-1[0m stage [32mfrom-build-pack[0m and container [32mstep-git-source-cb-kubecd-environment-pr-1093-1-mnrrp[0m
{"level":"warn","ts":1577370447.8931558,"logger":"fallback-logger","caller":"logging/config.go:69","msg":"Fetch GitHub commit ID from kodata failed: \"ref: refs/heads/master\" is not a valid GitHub commit ID"}
{"level":"info","ts":1577370448.9966223,"logger":"fallback-logger","caller":"git/git.go:102","msg":"Successfully cloned https://github.com/cb-kubecd/environment-pr-1093-16-bdd-frontend-staging.git @ master in path /workspace/source"}

Showing logs for build [32mcb-kubecd-environment-pr-1093-1-68pgc-1[0m stage [32mfrom-build-pack[0m and container [32mstep-git-merge[0m
Using SHAs from PULL_REFS=master:3636f748b21849a03a225fb101a3ca22bf81eb05,1:59ec3daa964f0c12a25d6a33ea7adefe77083710
DEBUG: ran git fetch --unshallow origin 59ec3daa964f0c12a25d6a33ea7adefe77083710: 3636f748b21849a03a225fb101a3ca22bf81eb05: in 
DEBUG: ran git checkout master in 
DEBUG: ran git reset --hard 3636f748b21849a03a225fb101a3ca22bf81eb05 in 
DEBUG: ran clean --force -d . in 
DEBUG: ran git merge 59ec3daa964f0c12a25d6a33ea7adefe77083710 in 
Merged SHA 59ec3daa964f0c12a25d6a33ea7adefe77083710 with commit message 'chore: Promote bdd-nh-1577369672 to version 0.0.1' into base branch master

Showing logs for build [32mcb-kubecd-environment-pr-1093-1-68pgc-1[0m stage [32mfrom-build-pack[0m and container [32mstep-build-helm-build[0m
WARNING: No $CHART_REPOSITORY defined so using the default value of: http://jenkins-x-chartmuseum:8080
Adding missing Helm repo: storage.googleapis.com https://storage.googleapis.com/chartmuseum.jenkins-x.io
WARNING: No secrets found on "helm/repos" due: reading the secret "helm/repos" from vault: no secret "helm/repos" not found in vault
Read credentials for https://storage.googleapis.com/chartmuseum.jenkins-x.io from vault helm/repos
Successfully added Helm repository storage.googleapis.com.
Adding missing Helm repo: jenkins-x-chartmuseum http://jenkins-x-chartmuseum:8080
WARNING: No secrets found on "helm/repos" due: reading the secret "helm/repos" from vault: no secret "helm/repos" not found in vault
Read credentials for http://jenkins-x-chartmuseum:8080 from vault helm/repos
Successfully added Helm repository jenkins-x-chartmuseum.
WARNING: No $CHART_REPOSITORY defined so using the default value of: http://jenkins-x-chartmuseum:8080
Adding missing Helm repo: chartmuseum.jenkins-x.io http://chartmuseum.jenkins-x.io
WARNING: No secrets found on "helm/repos" due: reading the secret "helm/repos" from vault: no secret "helm/repos" not found in vault
Read credentials for http://chartmuseum.jenkins-x.io from vault helm/repos
Successfully added Helm repository chartmuseum.jenkins-x.io.
